<?xml version="1.0" encoding="UTF-8"?>
<!-- Generated by org.testng.reporters.JUnitReportReporter -->
<testsuite hostname="Maria" failures="0" tests="4" name="Tset_Package.Registration_Page" time="36.132" errors="0" timestamp="2023-11-19T19:10:52 EST" skipped="0">
  <testcase classname="Tset_Package.Registration_Page" name="Validate_Webpage" time="3.067"/>
  <testcase classname="Tset_Package.Registration_Page" name="Verify_indication_of_mandatory_fields" time="9.194"/>
  <testcase classname="Tset_Package.Registration_Page" name="redirect_to_the_login_page" time="13.714"/>
  <testcase classname="Tset_Package.Registration_Page" name="Verify_error_message" time="10.157"/>
</testsuite> <!-- Tset_Package.Registration_Page -->
