<?xml version="1.0" encoding="UTF-8"?>
<!-- Generated by org.testng.reporters.JUnitReportReporter -->
<testsuite hostname="Maria" failures="0" tests="3" name="Tset_Package.Verify_Field" time="44.391" errors="0" timestamp="2023-11-19T19:10:52 EST" skipped="0">
  <testcase classname="Tset_Package.Verify_Field" name="f" time="14.550"/>
  <testcase classname="Tset_Package.Verify_Field" name="f" time="14.932"/>
  <testcase classname="Tset_Package.Verify_Field" name="f" time="14.909"/>
</testsuite> <!-- Tset_Package.Verify_Field -->
